<?xml version="1.0" encoding="UTF-8"?>
<!-- Generated by org.testng.reporters.JUnitReportReporter -->
<testsuite hostname="II01-6BL4VT2" failures="0" tests="1" name="MvnPackage.Screenshot" time="39.863" errors="0" timestamp="2020-12-06T18:38:49 IST" skipped="0">
  <testcase classname="MvnPackage.Screenshot" name="demo" time="39.863"/>
  <system-out/>
</testsuite> <!-- MvnPackage.Screenshot -->
