<?xml version="1.0" encoding="UTF-8"?>
<!-- Generated by org.testng.reporters.JUnitReportReporter -->
<testsuite hostname="II01-6BL4VT2" failures="0" tests="1" name="MvnPackage.ExtentManager" time="0.043" errors="0" timestamp="2020-12-05T17:32:27 IST" skipped="0">
  <testcase classname="MvnPackage.ExtentManager" name="getInstance" time="0.043"/>
  <system-out/>
</testsuite> <!-- MvnPackage.ExtentManager -->
