<?xml version="1.0" encoding="UTF-8"?>
<!-- Generated by org.testng.reporters.JUnitReportReporter -->
<testsuite hostname="II01-6BL4VT2" failures="0" tests="1" name="MvnPackage.ExtentReports" time="0.048" errors="0" timestamp="2020-12-05T17:20:18 IST" skipped="0">
  <testcase classname="MvnPackage.ExtentReports" name="getInstance" time="0.048"/>
  <system-out/>
</testsuite> <!-- MvnPackage.ExtentReports -->
